============================= test session starts ==============================
platform linux -- Python 3.12.1, pytest-8.3.5, pluggy-1.5.0
rootdir: /workspaces/LAB_1_STT/Lab6
plugins: anyio-4.7.0, xdist-3.6.1, run-parallel-0.3.1
created: 1/1 worker
1 worker [414 items]

........................................................................ [ 17%]
.............F.......................................................... [ 34%]
......FF..............F................................................. [ 52%]
........................................................................ [ 69%]
........................................................................ [ 86%]
......................................................                   [100%]
=================================== FAILURES ===================================
____________________ TestHuffmanCoding.test_huffman_coding _____________________
[gw0] linux -- Python 3.12.1 /usr/local/python/3.12.1/bin/python3

self = <test_compression.TestHuffmanCoding testMethod=test_huffman_coding>

    def test_huffman_coding(self):
        HuffmanCoding.encode_file(self.file_in_name, self.file_out_bin_name)
        HuffmanCoding.decode_file(self.file_out_bin_name, self.file_out_name)
    
        with open(self.file_in_name, "rb") as file_1, open(self.file_out_name, "rb") as file_2:
            content_1 = file_1.read()
            content_2 = file_2.read()
    
>           self.assertEqual(content_1, content_2)
E           AssertionError: b'G\xf4\xb2\xda\x9c/4?\xf8\x8b\x17B\x98Z\xe[28793 chars]qE]?' != b''

algorithms/tests/test_compression.py:30: AssertionError
----------------------------- Captured stdout call -----------------------------
File encoded.
File encoded.File decoded.

File decoded.
__________________________ TestBinaryHeap.test_insert __________________________
[gw0] linux -- Python 3.12.1 /usr/local/python/3.12.1/bin/python3

self = <test_heap.TestBinaryHeap testMethod=test_insert>

    def test_insert(self):
        # Before insert 2: [0, 4, 50, 7, 55, 90, 87]
        # After insert:  [0, 2, 50, 4, 55, 90, 87, 7]
        self.min_heap.insert(2)
>       self.assertEqual([0, 2, 50, 4, 55, 90, 87, 7],
                         self.min_heap.heap)
E       AssertionError: Lists differ: [0, 2, 50, 4, 55, 90, 87, 7] != [0, 2, 2, 4, 50, 90, 87, 7, 55]
E       
E       First differing element 2:
E       50
E       2
E       
E       Second list contains 1 additional elements.
E       First extra element 8:
E       55
E       
E       - [0, 2, 50, 4, 55, 90, 87, 7]
E       + [0, 2, 2, 4, 50, 90, 87, 7, 55]

algorithms/tests/test_heap.py:29: AssertionError
________________________ TestBinaryHeap.test_remove_min ________________________
[gw0] linux -- Python 3.12.1 /usr/local/python/3.12.1/bin/python3

self = <test_heap.TestBinaryHeap testMethod=test_remove_min>

    def test_remove_min(self):
        ret = self.min_heap.remove_min()
        # Before remove_min : [0, 4, 50, 7, 55, 90, 87]
        # After remove_min: [7, 50, 87, 55, 90]
        # Test return value
>       self.assertEqual(4, ret)
E       AssertionError: 4 != 7

algorithms/tests/test_heap.py:38: AssertionError
_________________________ TestSuite.test_is_palindrome _________________________
[gw0] linux -- Python 3.12.1 /usr/local/python/3.12.1/bin/python3

self = <test_linkedlist.TestSuite testMethod=test_is_palindrome>

    def test_is_palindrome(self):
>       self.assertTrue(is_palindrome(self.l))
E       AssertionError: False is not true

algorithms/tests/test_linkedlist.py:167: AssertionError
=========================== short test summary info ============================
FAILED algorithms/tests/test_compression.py::TestHuffmanCoding::test_huffman_coding
FAILED algorithms/tests/test_heap.py::TestBinaryHeap::test_insert - Assertion...
FAILED algorithms/tests/test_heap.py::TestBinaryHeap::test_remove_min - Asser...
FAILED algorithms/tests/test_linkedlist.py::TestSuite::test_is_palindrome - A...
======================== 4 failed, 410 passed in 8.57s =========================
============================= test session starts ==============================
platform linux -- Python 3.12.1, pytest-8.3.5, pluggy-1.5.0
rootdir: /workspaces/LAB_1_STT/Lab6
plugins: anyio-4.7.0, xdist-3.6.1, run-parallel-0.3.1
created: 1/1 worker
1 worker [414 items]

........................................................................ [ 17%]
........................................................................ [ 34%]
......FF..............F................................................. [ 52%]
........................................................................ [ 69%]
........................................................................ [ 86%]
......................................................                   [100%]
=================================== FAILURES ===================================
__________________________ TestBinaryHeap.test_insert __________________________
[gw0] linux -- Python 3.12.1 /usr/local/python/3.12.1/bin/python3

self = <test_heap.TestBinaryHeap testMethod=test_insert>

    def test_insert(self):
        # Before insert 2: [0, 4, 50, 7, 55, 90, 87]
        # After insert:  [0, 2, 50, 4, 55, 90, 87, 7]
        self.min_heap.insert(2)
>       self.assertEqual([0, 2, 50, 4, 55, 90, 87, 7],
                         self.min_heap.heap)
E       AssertionError: Lists differ: [0, 2, 50, 4, 55, 90, 87, 7] != [0, 2, 2, 4, 50, 90, 87, 7, 55]
E       
E       First differing element 2:
E       50
E       2
E       
E       Second list contains 1 additional elements.
E       First extra element 8:
E       55
E       
E       - [0, 2, 50, 4, 55, 90, 87, 7]
E       + [0, 2, 2, 4, 50, 90, 87, 7, 55]

algorithms/tests/test_heap.py:29: AssertionError
________________________ TestBinaryHeap.test_remove_min ________________________
[gw0] linux -- Python 3.12.1 /usr/local/python/3.12.1/bin/python3

self = <test_heap.TestBinaryHeap testMethod=test_remove_min>

    def test_remove_min(self):
        ret = self.min_heap.remove_min()
        # Before remove_min : [0, 4, 50, 7, 55, 90, 87]
        # After remove_min: [7, 50, 87, 55, 90]
        # Test return value
>       self.assertEqual(4, ret)
E       AssertionError: 4 != 7

algorithms/tests/test_heap.py:38: AssertionError
_________________________ TestSuite.test_is_palindrome _________________________
[gw0] linux -- Python 3.12.1 /usr/local/python/3.12.1/bin/python3

self = <test_linkedlist.TestSuite testMethod=test_is_palindrome>

    def test_is_palindrome(self):
>       self.assertTrue(is_palindrome(self.l))
E       AssertionError: False is not true

algorithms/tests/test_linkedlist.py:167: AssertionError
=========================== short test summary info ============================
FAILED algorithms/tests/test_heap.py::TestBinaryHeap::test_insert - Assertion...
FAILED algorithms/tests/test_heap.py::TestBinaryHeap::test_remove_min - Asser...
FAILED algorithms/tests/test_linkedlist.py::TestSuite::test_is_palindrome - A...
======================== 3 failed, 411 passed in 8.82s =========================
============================= test session starts ==============================
platform linux -- Python 3.12.1, pytest-8.3.5, pluggy-1.5.0
rootdir: /workspaces/LAB_1_STT/Lab6
plugins: anyio-4.7.0, xdist-3.6.1, run-parallel-0.3.1
created: 1/1 worker
1 worker [414 items]

........................................................................ [ 17%]
........................................................................ [ 34%]
......FF..............F................................................. [ 52%]
........................................................................ [ 69%]
........................................................................ [ 86%]
......................................................                   [100%]
=================================== FAILURES ===================================
__________________________ TestBinaryHeap.test_insert __________________________
[gw0] linux -- Python 3.12.1 /usr/local/python/3.12.1/bin/python3

self = <test_heap.TestBinaryHeap testMethod=test_insert>

    def test_insert(self):
        # Before insert 2: [0, 4, 50, 7, 55, 90, 87]
        # After insert:  [0, 2, 50, 4, 55, 90, 87, 7]
        self.min_heap.insert(2)
>       self.assertEqual([0, 2, 50, 4, 55, 90, 87, 7],
                         self.min_heap.heap)
E       AssertionError: Lists differ: [0, 2, 50, 4, 55, 90, 87, 7] != [0, 2, 2, 4, 50, 90, 87, 7, 55]
E       
E       First differing element 2:
E       50
E       2
E       
E       Second list contains 1 additional elements.
E       First extra element 8:
E       55
E       
E       - [0, 2, 50, 4, 55, 90, 87, 7]
E       + [0, 2, 2, 4, 50, 90, 87, 7, 55]

algorithms/tests/test_heap.py:29: AssertionError
________________________ TestBinaryHeap.test_remove_min ________________________
[gw0] linux -- Python 3.12.1 /usr/local/python/3.12.1/bin/python3

self = <test_heap.TestBinaryHeap testMethod=test_remove_min>

    def test_remove_min(self):
        ret = self.min_heap.remove_min()
        # Before remove_min : [0, 4, 50, 7, 55, 90, 87]
        # After remove_min: [7, 50, 87, 55, 90]
        # Test return value
>       self.assertEqual(4, ret)
E       AssertionError: 4 != 7

algorithms/tests/test_heap.py:38: AssertionError
_________________________ TestSuite.test_is_palindrome _________________________
[gw0] linux -- Python 3.12.1 /usr/local/python/3.12.1/bin/python3

self = <test_linkedlist.TestSuite testMethod=test_is_palindrome>

    def test_is_palindrome(self):
>       self.assertTrue(is_palindrome(self.l))
E       AssertionError: False is not true

algorithms/tests/test_linkedlist.py:167: AssertionError
=========================== short test summary info ============================
FAILED algorithms/tests/test_heap.py::TestBinaryHeap::test_insert - Assertion...
FAILED algorithms/tests/test_heap.py::TestBinaryHeap::test_remove_min - Asser...
FAILED algorithms/tests/test_linkedlist.py::TestSuite::test_is_palindrome - A...
======================== 3 failed, 411 passed in 9.03s =========================


